[2025-10-28 16:41:28] INFO - Bot stealth multi‐akun dimulai...
[2025-10-28 16:41:38] INFO - [santo_regowo] Login sukses, session disimpan.
[2025-10-28 16:41:53] ERROR - [sleepingmaster275] ClientError: We can send you an email to help you get back into your account. If you are sure that the password is correct, then change your IP address, because it is added to the blacklist of the Instagram Server
[2025-10-28 16:41:53] ERROR - [sleepingmaster275] Login gagal: We can send you an email to help you get back into your account. If you are sure that the password is correct, then change your IP address, because it is added to the blacklist of the Instagram Server
[2025-10-28 16:42:47] INFO - Bot stealth multi‐akun dimulai...
[2025-10-28 16:42:47] INFO - Bot stealth multi‐akun dimulai...
[2025-10-28 16:42:47] INFO - [santo_regowo] Session loaded dari session_santo_regowo.json.
[2025-10-28 16:42:47] INFO - [santo_regowo] Session loaded dari session_santo_regowo.json.
[2025-10-28 16:42:48] INFO - Bot stealth multi‐akun dimulai...
[2025-10-28 16:42:48] INFO - Bot stealth multi‐akun dimulai...
[2025-10-28 16:42:48] INFO - Bot stealth multi‐akun dimulai...
[2025-10-28 16:42:48] INFO - [santo_regowo] Session loaded dari session_santo_regowo.json.
[2025-10-28 16:42:48] INFO - [santo_regowo] Session loaded dari session_santo_regowo.json.
[2025-10-28 16:42:48] INFO - [santo_regowo] Session loaded dari session_santo_regowo.json.
[2025-10-28 16:43:03] ERROR - [sleepingmaster275] ClientError: We can send you an email to help you get back into your account. If you are sure that the password is correct, then change your IP address, because it is added to the blacklist of the Instagram Server
[2025-10-28 16:43:03] ERROR - [sleepingmaster275] ClientError: We can send you an email to help you get back into your account. If you are sure that the password is correct, then change your IP address, because it is added to the blacklist of the Instagram Server
[2025-10-28 16:43:03] ERROR - [sleepingmaster275] ClientError: We can send you an email to help you get back into your account. If you are sure that the password is correct, then change your IP address, because it is added to the blacklist of the Instagram Server
[2025-10-28 16:43:03] ERROR - [sleepingmaster275] Login gagal: We can send you an email to help you get back into your account. If you are sure that the password is correct, then change your IP address, because it is added to the blacklist of the Instagram Server
[2025-10-28 16:43:03] ERROR - [sleepingmaster275] Login gagal: We can send you an email to help you get back into your account. If you are sure that the password is correct, then change your IP address, because it is added to the blacklist of the Instagram Server
[2025-10-28 16:43:03] ERROR - [sleepingmaster275] Login gagal: We can send you an email to help you get back into your account. If you are sure that the password is correct, then change your IP address, because it is added to the blacklist of the Instagram Server
[2025-10-28 16:43:04] ERROR - [sleepingmaster275] ClientError: We can send you an email to help you get back into your account. If you are sure that the password is correct, then change your IP address, because it is added to the blacklist of the Instagram Server
[2025-10-28 16:43:04] ERROR - [sleepingmaster275] ClientError: We can send you an email to help you get back into your account. If you are sure that the password is correct, then change your IP address, because it is added to the blacklist of the Instagram Server
[2025-10-28 16:43:04] ERROR - [sleepingmaster275] ClientError: We can send you an email to help you get back into your account. If you are sure that the password is correct, then change your IP address, because it is added to the blacklist of the Instagram Server
[2025-10-28 16:43:04] ERROR - [sleepingmaster275] Login gagal: We can send you an email to help you get back into your account. If you are sure that the password is correct, then change your IP address, because it is added to the blacklist of the Instagram Server
[2025-10-28 16:43:04] ERROR - [sleepingmaster275] Login gagal: We can send you an email to help you get back into your account. If you are sure that the password is correct, then change your IP address, because it is added to the blacklist of the Instagram Server
[2025-10-28 16:43:04] ERROR - [sleepingmaster275] Login gagal: We can send you an email to help you get back into your account. If you are sure that the password is correct, then change your IP address, because it is added to the blacklist of the Instagram Server
[2025-10-28 16:43:06] ERROR - [devanoaditama21] ClientError: We can send you an email to help you get back into your account. If you are sure that the password is correct, then change your IP address, because it is added to the blacklist of the Instagram Server
[2025-10-28 16:43:06] ERROR - [devanoaditama21] ClientError: We can send you an email to help you get back into your account. If you are sure that the password is correct, then change your IP address, because it is added to the blacklist of the Instagram Server
[2025-10-28 16:43:06] ERROR - [devanoaditama21] ClientError: We can send you an email to help you get back into your account. If you are sure that the password is correct, then change your IP address, because it is added to the blacklist of the Instagram Server
[2025-10-28 16:43:06] ERROR - [devanoaditama21] Login gagal: We can send you an email to help you get back into your account. If you are sure that the password is correct, then change your IP address, because it is added to the blacklist of the Instagram Server
[2025-10-28 16:43:06] ERROR - [devanoaditama21] Login gagal: We can send you an email to help you get back into your account. If you are sure that the password is correct, then change your IP address, because it is added to the blacklist of the Instagram Server
[2025-10-28 16:43:06] ERROR - [devanoaditama21] Login gagal: We can send you an email to help you get back into your account. If you are sure that the password is correct, then change your IP address, because it is added to the blacklist of the Instagram Server
[2025-10-28 16:43:20] INFO - [vino_agy77] Login sukses, session disimpan.
[2025-10-28 16:43:20] INFO - [vino_agy77] Login sukses, session disimpan.
[2025-10-28 16:43:20] INFO - [vino_agy77] Login sukses, session disimpan.
[2025-10-28 16:43:46] INFO - [restisukawati] Login sukses, session disimpan.
[2025-10-28 16:43:46] INFO - [restisukawati] Login sukses, session disimpan.
[2025-10-28 16:43:46] INFO - [restisukawati] Login sukses, session disimpan.
[2025-10-28 16:43:59] INFO - [santo_regowo] Memproses postingan: https://www.instagram.com/p/DOpJFGSk_4z/?igsh=MTA1MDU2bWFkZmsxeQ==
[2025-10-28 16:43:59] INFO - [santo_regowo] Memproses postingan: https://www.instagram.com/p/DOpJFGSk_4z/?igsh=MTA1MDU2bWFkZmsxeQ==
[2025-10-28 16:43:59] INFO - [santo_regowo] Memproses postingan: https://www.instagram.com/p/DOpJFGSk_4z/?igsh=MTA1MDU2bWFkZmsxeQ==
[2025-10-28 16:44:14] INFO - [santo_regowo] Liked media ID 3722546499768548915
[2025-10-28 16:44:14] INFO - [santo_regowo] Liked media ID 3722546499768548915
[2025-10-28 16:44:14] INFO - [santo_regowo] Liked media ID 3722546499768548915
[2025-10-28 16:44:25] INFO - [santo_regowo] Commented 'Fakta nggak bisa dilawan: selingkuh ✅ dugem ✅ LC ✅ tipu event ✅' (1/24)
[2025-10-28 16:44:25] INFO - [santo_regowo] Commented 'Fakta nggak bisa dilawan: selingkuh ✅ dugem ✅ LC ✅ tipu event ✅' (1/24)
[2025-10-28 16:44:25] INFO - [santo_regowo] Commented 'Fakta nggak bisa dilawan: selingkuh ✅ dugem ✅ LC ✅ tipu event ✅' (1/24)
[2025-10-28 16:44:54] INFO - [santo_regowo] Menunggu 24 detik sebelum akun berikutnya...
[2025-10-28 16:44:54] INFO - [santo_regowo] Menunggu 24 detik sebelum akun berikutnya...
[2025-10-28 16:44:54] INFO - [santo_regowo] Menunggu 24 detik sebelum akun berikutnya...
[2025-10-28 16:45:18] INFO - [vino_agy77] Memproses postingan: https://www.instagram.com/p/DOpJFGSk_4z/?igsh=MTA1MDU2bWFkZmsxeQ==
[2025-10-28 16:45:18] INFO - [vino_agy77] Memproses postingan: https://www.instagram.com/p/DOpJFGSk_4z/?igsh=MTA1MDU2bWFkZmsxeQ==
[2025-10-28 16:45:18] INFO - [vino_agy77] Memproses postingan: https://www.instagram.com/p/DOpJFGSk_4z/?igsh=MTA1MDU2bWFkZmsxeQ==
[2025-10-28 16:45:20] INFO - [vino_agy77] Liked media ID 3722546499768548915
[2025-10-28 16:45:20] INFO - [vino_agy77] Liked media ID 3722546499768548915
[2025-10-28 16:45:20] INFO - [vino_agy77] Liked media ID 3722546499768548915
[2025-10-28 16:45:32] INFO - [vino_agy77] Commented 'Kalau medianya busuk, infonya racun → masyarakat yang jadi korban.' (1/24)
[2025-10-28 16:45:32] INFO - [vino_agy77] Commented 'Kalau medianya busuk, infonya racun → masyarakat yang jadi korban.' (1/24)
[2025-10-28 16:45:32] INFO - [vino_agy77] Commented 'Kalau medianya busuk, infonya racun → masyarakat yang jadi korban.' (1/24)
[2025-10-28 16:45:53] INFO - [vino_agy77] Menunggu 19 detik sebelum akun berikutnya...
[2025-10-28 16:45:53] INFO - [vino_agy77] Menunggu 19 detik sebelum akun berikutnya...
[2025-10-28 16:45:53] INFO - [vino_agy77] Menunggu 19 detik sebelum akun berikutnya...
[2025-10-28 16:46:12] INFO - [restisukawati] Memproses postingan: https://www.instagram.com/p/DOpJFGSk_4z/?igsh=MTA1MDU2bWFkZmsxeQ==
[2025-10-28 16:46:12] INFO - [restisukawati] Memproses postingan: https://www.instagram.com/p/DOpJFGSk_4z/?igsh=MTA1MDU2bWFkZmsxeQ==
[2025-10-28 16:46:12] INFO - [restisukawati] Memproses postingan: https://www.instagram.com/p/DOpJFGSk_4z/?igsh=MTA1MDU2bWFkZmsxeQ==
[2025-10-28 16:46:14] INFO - [restisukawati] Liked media ID 3722546499768548915
[2025-10-28 16:46:14] INFO - [restisukawati] Liked media ID 3722546499768548915
[2025-10-28 16:46:14] INFO - [restisukawati] Liked media ID 3722546499768548915
[2025-10-28 16:46:23] INFO - [restisukawati] Commented 'Selingkuh, dugem, LC… semua udah terbongkar, bukan fitnah tapi FAKTA!' (1/24)
[2025-10-28 16:46:23] INFO - [restisukawati] Commented 'Selingkuh, dugem, LC… semua udah terbongkar, bukan fitnah tapi FAKTA!' (1/24)
[2025-10-28 16:46:23] INFO - [restisukawati] Commented 'Selingkuh, dugem, LC… semua udah terbongkar, bukan fitnah tapi FAKTA!' (1/24)
[2025-10-28 16:46:44] INFO - [restisukawati] Menunggu 22 detik sebelum akun berikutnya...
[2025-10-28 16:46:44] INFO - [restisukawati] Menunggu 22 detik sebelum akun berikutnya...
[2025-10-28 16:46:44] INFO - [restisukawati] Menunggu 22 detik sebelum akun berikutnya...
[2025-10-28 16:47:06] INFO - Selesai satu putaran. Menunggu 0 menit...
[2025-10-28 16:47:06] INFO - Selesai satu putaran. Menunggu 0 menit...
[2025-10-28 16:47:06] INFO - Selesai satu putaran. Menunggu 0 menit...
[2025-10-28 16:47:11] INFO - [santo_regowo] Memproses postingan: https://www.instagram.com/p/DOpJFGSk_4z/?igsh=MTA1MDU2bWFkZmsxeQ==
[2025-10-28 16:47:11] INFO - [santo_regowo] Memproses postingan: https://www.instagram.com/p/DOpJFGSk_4z/?igsh=MTA1MDU2bWFkZmsxeQ==
[2025-10-28 16:47:11] INFO - [santo_regowo] Memproses postingan: https://www.instagram.com/p/DOpJFGSk_4z/?igsh=MTA1MDU2bWFkZmsxeQ==
[2025-10-28 16:47:13] INFO - [santo_regowo] Liked media ID 3722546499768548915
[2025-10-28 16:47:13] INFO - [santo_regowo] Liked media ID 3722546499768548915
[2025-10-28 16:47:13] INFO - [santo_regowo] Liked media ID 3722546499768548915
[2025-10-28 16:47:23] INFO - [santo_regowo] Commented 'Lah… ketahuan busuk malah main drama playing victim. Mental badut emang 🤡' (2/24)
[2025-10-28 16:47:23] INFO - [santo_regowo] Commented 'Lah… ketahuan busuk malah main drama playing victim. Mental badut emang 🤡' (2/24)
[2025-10-28 16:47:23] INFO - [santo_regowo] Commented 'Lah… ketahuan busuk malah main drama playing victim. Mental badut emang 🤡' (2/24)
[2025-10-28 16:47:46] INFO - [santo_regowo] Menunggu 19 detik sebelum akun berikutnya...
[2025-10-28 16:47:46] INFO - [santo_regowo] Menunggu 19 detik sebelum akun berikutnya...
[2025-10-28 16:47:46] INFO - [santo_regowo] Menunggu 19 detik sebelum akun berikutnya...
[2025-10-28 16:48:05] INFO - [vino_agy77] Memproses postingan: https://www.instagram.com/p/DOpJFGSk_4z/?igsh=MTA1MDU2bWFkZmsxeQ==
[2025-10-28 16:48:05] INFO - [vino_agy77] Memproses postingan: https://www.instagram.com/p/DOpJFGSk_4z/?igsh=MTA1MDU2bWFkZmsxeQ==
[2025-10-28 16:48:05] INFO - [vino_agy77] Memproses postingan: https://www.instagram.com/p/DOpJFGSk_4z/?igsh=MTA1MDU2bWFkZmsxeQ==
[2025-10-28 16:48:06] INFO - [vino_agy77] Liked media ID 3722546499768548915
[2025-10-28 16:48:06] INFO - [vino_agy77] Liked media ID 3722546499768548915
[2025-10-28 16:48:06] INFO - [vino_agy77] Liked media ID 3722546499768548915
[2025-10-28 16:48:20] INFO - [vino_agy77] Commented 'Netizen udah muak, jangan kasih panggung ke media busuk ini.' (2/24)
[2025-10-28 16:48:20] INFO - [vino_agy77] Commented 'Netizen udah muak, jangan kasih panggung ke media busuk ini.' (2/24)
[2025-10-28 16:48:20] INFO - [vino_agy77] Commented 'Netizen udah muak, jangan kasih panggung ke media busuk ini.' (2/24)
[2025-10-28 16:48:41] INFO - [vino_agy77] Menunggu 20 detik sebelum akun berikutnya...
[2025-10-28 16:48:41] INFO - [vino_agy77] Menunggu 20 detik sebelum akun berikutnya...
[2025-10-28 16:48:41] INFO - [vino_agy77] Menunggu 20 detik sebelum akun berikutnya...
[2025-10-28 18:15:47] INFO - Bot stealth multi‐akun dimulai...
[2025-10-28 18:15:47] INFO - [santo_regowo] Session loaded dari session_santo_regowo.json.
[2025-10-28 18:16:04] ERROR - [sleepingmaster275] ClientError: We can send you an email to help you get back into your account.
[2025-10-28 18:16:04] ERROR - [sleepingmaster275] Login gagal: We can send you an email to help you get back into your account.
[2025-10-28 18:16:09] INFO - Bot stealth multi‐akun dimulai...
[2025-10-28 18:16:09] INFO - Bot stealth multi‐akun dimulai...
[2025-10-28 18:16:09] INFO - [santo_regowo] Session loaded dari session_santo_regowo.json.
[2025-10-28 18:16:09] INFO - [santo_regowo] Session loaded dari session_santo_regowo.json.
[2025-10-28 18:16:26] ERROR - [sleepingmaster275] ClientError: We can send you an email to help you get back into your account.
[2025-10-28 18:16:26] ERROR - [sleepingmaster275] ClientError: We can send you an email to help you get back into your account.
[2025-10-28 18:16:26] ERROR - [sleepingmaster275] Login gagal: We can send you an email to help you get back into your account.
[2025-10-28 18:16:26] ERROR - [sleepingmaster275] Login gagal: We can send you an email to help you get back into your account.
[2025-10-28 18:29:47] INFO - Bot stealth multi‐akun dimulai...
[2025-10-28 18:29:47] INFO - Bot stealth multi‐akun dimulai...
[2025-10-28 18:29:47] INFO - Bot stealth multi‐akun dimulai...
[2025-10-28 18:29:47] INFO - [santo_regowo] Session loaded dari session_santo_regowo.json.
[2025-10-28 18:29:47] INFO - [santo_regowo] Session loaded dari session_santo_regowo.json.
[2025-10-28 18:29:47] INFO - [santo_regowo] Session loaded dari session_santo_regowo.json.
[2025-10-28 18:30:01] ERROR - [sleepingmaster275] ClientError: We can send you an email to help you get back into your account.
[2025-10-28 18:30:01] ERROR - [sleepingmaster275] ClientError: We can send you an email to help you get back into your account.
[2025-10-28 18:30:01] ERROR - [sleepingmaster275] ClientError: We can send you an email to help you get back into your account.
[2025-10-28 18:30:01] ERROR - [sleepingmaster275] Login gagal: We can send you an email to help you get back into your account.
[2025-10-28 18:30:01] ERROR - [sleepingmaster275] Login gagal: We can send you an email to help you get back into your account.
[2025-10-28 18:30:01] ERROR - [sleepingmaster275] Login gagal: We can send you an email to help you get back into your account.
[2025-10-28 18:42:56] INFO - Bot stealth multi‐akun dimulai...
[2025-10-28 18:42:56] INFO - [santo_regowo] Session loaded dari session_santo_regowo.json.
[2025-10-28 18:43:13] ERROR - [sleepingmaster275] ClientError: We can send you an email to help you get back into your account.
[2025-10-28 18:43:13] ERROR - [sleepingmaster275] Login gagal: We can send you an email to help you get back into your account.
[2025-10-28 18:53:30] INFO - Bot stealth multi‐akun dimulai...
[2025-10-28 18:53:34] INFO - Bot stealth multi‐akun dimulai...
[2025-10-28 18:53:35] ERROR - [adi.nur_1989] ClientError: We can send you an email to help you get back into your account.
[2025-10-28 18:53:35] ERROR - [adi.nur_1989] Login gagal: We can send you an email to help you get back into your account.
[2025-10-28 18:53:37] ERROR - [adi.nur_1989] ClientError: We can send you an email to help you get back into your account.
[2025-10-28 18:53:37] ERROR - [adi.nur_1989] Login gagal: We can send you an email to help you get back into your account.
[2025-10-28 18:53:37] ERROR - Tidak ada akun berhasil login.
[2025-10-28 18:53:38] ERROR - [jasuke00] ClientError: We can send you an email to help you get back into your account.
[2025-10-28 18:53:38] ERROR - [jasuke00] Login gagal: We can send you an email to help you get back into your account.
[2025-10-28 18:53:41] ERROR - [jasuke00] ClientError: We can send you an email to help you get back into your account.
[2025-10-28 18:53:41] ERROR - [jasuke00] Login gagal: We can send you an email to help you get back into your account.
[2025-10-28 18:53:41] ERROR - Tidak ada akun berhasil login.
[2025-10-28 19:27:15] INFO - Bot stealth multi‐akun dimulai...
[2025-10-28 21:01:39,493] INFO - Bot DIMULAI...
[2025-10-28 21:01:43,524] ERROR - [adi.nur_1989] Login gagal: Login gagal: We can send you an email to help you get back into your account.
[2025-10-28 21:01:45,345] ERROR - Tidak ada akun login!
[2025-10-28 21:18:34] ERROR - [adi.nur_1989] ClientError: We can send you an email to help you get back into your account.
[2025-10-28 21:18:34] ERROR - [adi.nur_1989] Login gagal (via Login All): Login gagal: We can send you an email to help you get back into your account.
[2025-10-28 21:19:42] ERROR - [adi.nur_1989] ClientError: We can send you an email to help you get back into your account.
[2025-10-28 21:19:42] ERROR - [adi.nur_1989] Login gagal (via Login All): Login gagal: We can send you an email to help you get back into your account.
[2025-10-28 21:19:42] INFO - [restisukawati] Session loaded dari session_restisukawati.json.
[2025-10-28 21:19:42] INFO - [restisukawati] Login berhasil (via Login All).
[2025-10-28 21:22:18] INFO - [restisukawati] Session loaded dari session_restisukawati.json.
[2025-10-28 21:22:18] INFO - [restisukawati] Login berhasil (via Login All).
[2025-10-28 21:23:05] INFO - Worker: dimulai.
[2025-10-28 21:32:08] INFO - [restisukawati] Session loaded dari session_restisukawati.json.
[2025-10-28 21:32:08] INFO - [restisukawati] Login berhasil (via Login All).
[2025-10-28 21:34:02] INFO - Worker: dimulai.
[2025-10-28 22:09:27] INFO - [restisukawati] Session loaded dari session_restisukawati.json.
[2025-10-28 22:09:27] INFO - [restisukawati] Login berhasil (via Login All).
[2025-10-28 22:12:00] INFO - Worker: dimulai.
[2025-10-28 22:12:00] INFO - Worker: stop flag diaktifkan. Berhenti.
[2025-10-28 22:12:00] INFO - Worker: benar-benar berhenti.
[2025-10-28 22:19:17] INFO - [restisukawati] Session loaded dari session_restisukawati.json.
[2025-10-28 22:19:17] INFO - [restisukawati] Login berhasil (via Login All).
[2025-10-28 22:19:30] INFO - [devanoaditama21] Login sukses, session disimpan.
[2025-10-28 22:19:30] INFO - [devanoaditama21] Login berhasil (via Login All).
[2025-10-28 22:21:12] INFO - Worker: dimulai.
[2025-10-28 22:21:12] INFO - Worker: stop flag diaktifkan. Berhenti.
[2025-10-28 22:21:12] INFO - Worker: benar-benar berhenti.
[2025-10-28 22:41:37] ERROR - [devanoadiatama21] ClientError: We can't find an account with devanoadiatama21. Try another phone number or email, or if you don't have an Instagram account, you can sign up.
[2025-10-28 22:41:37] ERROR - [devanoadiatama21] Login gagal (via Login All): Login gagal: We can't find an account with devanoadiatama21. Try another phone number or email, or if you don't have an Instagram account, you can sign up.
[2025-10-28 22:43:07] INFO - [restisukawati] Session loaded dari session_restisukawati.json.
[2025-10-28 22:43:07] INFO - [restisukawati] Login berhasil (via Login All).
[2025-10-28 22:43:44] INFO - Worker: dimulai.
[2025-10-28 22:43:44] INFO - Worker: stop flag diaktifkan. Berhenti.
[2025-10-28 22:43:44] INFO - Worker: benar-benar berhenti.
2025-10-28 23:55:31,567 [INFO] [restisukawati] Session loaded dari session_restisukawati.json.
2025-10-28 23:55:31,567 [INFO] [restisukawati] Session loaded dari session_restisukawati.json.
2025-10-28 23:55:31,567 [INFO] [restisukawati] Session loaded dari session_restisukawati.json.
2025-10-28 23:55:31,569 [INFO] [restisukawati] Login berhasil (via Login All).
2025-10-28 23:55:31,569 [INFO] [restisukawati] Login berhasil (via Login All).
2025-10-28 23:55:31,569 [INFO] [restisukawati] Login berhasil (via Login All).
2025-10-28 23:57:39,101 [INFO] Worker: dimulai.
2025-10-29 00:05:25,123 [INFO] Worker: dimulai.
2025-10-29 00:06:29,927 [INFO] [restisukawati] Session loaded dari session_restisukawati.json.
2025-10-29 00:06:29,927 [INFO] [restisukawati] Session loaded dari session_restisukawati.json.
2025-10-29 00:06:29,927 [INFO] [restisukawati] Session loaded dari session_restisukawati.json.
2025-10-29 00:06:29,928 [INFO] [restisukawati] Login berhasil (via Login All).
2025-10-29 00:06:29,928 [INFO] [restisukawati] Login berhasil (via Login All).
2025-10-29 00:06:29,928 [INFO] [restisukawati] Login berhasil (via Login All).
2025-10-29 00:06:55,960 [INFO] Worker: dimulai.
2025-10-29 00:26:35,948 [INFO] Worker: dimulai.
2025-10-29 00:35:01,871 [INFO] [restisukawati] Session loaded dari session_restisukawati.json.
2025-10-29 00:35:01,871 [INFO] [restisukawati] Session loaded dari session_restisukawati.json.
2025-10-29 00:35:01,871 [INFO] [restisukawati] Session loaded dari session_restisukawati.json.
2025-10-29 00:35:01,872 [INFO] [restisukawati] Login berhasil (via Login All).
2025-10-29 00:35:01,872 [INFO] [restisukawati] Login berhasil (via Login All).
2025-10-29 00:35:01,872 [INFO] [restisukawati] Login berhasil (via Login All).
2025-10-29 00:35:58,381 [INFO] Worker: dimulai.
2025-10-29 00:35:58,381 [INFO] Worker: dimulai.
2025-10-29 00:35:58,381 [INFO] Worker: dimulai.
2025-10-29 00:35:58,381 [INFO] Worker: dimulai.
2025-10-29 00:35:58,381 [INFO] Worker: dimulai.
2025-10-29 00:35:58,381 [INFO] Worker: dimulai.
2025-10-29 00:35:58,381 [INFO] Worker: dimulai.
2025-10-29 00:35:58,381 [INFO] Worker: dimulai.
2025-10-29 00:35:58,381 [INFO] Worker: dimulai.
2025-10-29 00:35:58,381 [INFO] Worker: dimulai.
2025-10-29 00:35:58,381 [INFO] Worker: dimulai.
2025-10-29 00:35:58,381 [INFO] Worker: dimulai.
2025-10-29 00:35:58,381 [INFO] Worker: dimulai.
2025-10-29 00:35:58,381 [INFO] Worker: dimulai.
2025-10-29 00:45:35,030 [INFO] [restisukawati] Session loaded dari session_restisukawati.json.
2025-10-29 00:45:35,030 [INFO] [restisukawati] Session loaded dari session_restisukawati.json.
2025-10-29 00:45:35,030 [INFO] [restisukawati] Session loaded dari session_restisukawati.json.
2025-10-29 00:45:35,031 [INFO] [restisukawati] Login berhasil (via Login All).
2025-10-29 00:45:35,031 [INFO] [restisukawati] Login berhasil (via Login All).
2025-10-29 00:45:35,031 [INFO] [restisukawati] Login berhasil (via Login All).
2025-10-29 00:46:02,174 [INFO] Worker: dimulai.
2025-10-29 00:46:02,174 [INFO] Worker: dimulai.
2025-10-29 00:46:02,174 [INFO] Worker: dimulai.
2025-10-29 00:46:02,174 [INFO] Worker: dimulai.
2025-10-29 00:46:02,174 [INFO] Worker: dimulai.
2025-10-29 00:46:02,174 [INFO] Worker: dimulai.
2025-10-29 00:46:14,501 [INFO] [restisukawati] Liked media ID 3659630752531534465
2025-10-29 00:46:14,501 [INFO] [restisukawati] Liked media ID 3659630752531534465
2025-10-29 00:46:14,501 [INFO] [restisukawati] Liked media ID 3659630752531534465
2025-10-29 00:46:14,501 [INFO] [restisukawati] Liked media ID 3659630752531534465
2025-10-29 00:46:14,501 [INFO] [restisukawati] Liked media ID 3659630752531534465
2025-10-29 00:46:14,501 [INFO] [restisukawati] Liked media ID 3659630752531534465
2025-10-29 00:46:23,262 [INFO] [restisukawati] Commented 'halo' (1/1)
2025-10-29 00:46:23,262 [INFO] [restisukawati] Commented 'halo' (1/1)
2025-10-29 00:46:23,262 [INFO] [restisukawati] Commented 'halo' (1/1)
2025-10-29 00:46:23,262 [INFO] [restisukawati] Commented 'halo' (1/1)
2025-10-29 00:46:23,262 [INFO] [restisukawati] Commented 'halo' (1/1)
2025-10-29 00:46:23,262 [INFO] [restisukawati] Commented 'halo' (1/1)
